<?xml version="1.0" encoding="UTF-8"?>
<!-- Generated by org.testng.reporters.JUnitXMLReporter -->
<testsuite ignored="1" hostname="EC2AMAZ-S11DBRH" failures="0" tests="1" name="Default test(failed)" time="5.668" errors="0" timestamp="2023-08-17T06:14:25 GMT">
  <testcase classname="testScripts.GooglePageTest" name="searchJaveTest" time="2.653"/>
  <testcase classname="testScripts.GooglePageTest" name="searchSeleniumTest" time="0.0">
    <ignored/>
  </testcase> <!-- searchSeleniumTest -->
</testsuite> <!-- Default test(failed) -->
