<?xml version="1.0" encoding="UTF-8"?>
<!-- Generated by org.testng.reporters.JUnitXMLReporter -->
<testsuite ignored="5" hostname="EC2AMAZ-S11DBRH" failures="0" tests="0" time="0.029" errors="0" timestamp="2023-08-17T07:41:01 GMT">
  <testcase classname="testScripts.GooglePageTest" name="searchSeleniumTest" time="0.0">
    <ignored/>
  </testcase> <!-- searchSeleniumTest -->
  <testcase classname="testScripts.SampleOneTest" name="searchCypressTest" time="0.0">
    <ignored/>
  </testcase> <!-- searchCypressTest -->
  <testcase classname="testScripts.GooglePageTest" name="searchJavaTest" time="0.0">
    <ignored/>
  </testcase> <!-- searchJavaTest -->
  <testcase classname="testScripts.GooglePageTest" name="searchAppiumTest" time="0.0">
    <ignored/>
  </testcase> <!-- searchAppiumTest -->
  <testcase classname="testScripts.GooglePageTest" name="searchCucumberTest" time="0.0">
    <ignored/>
  </testcase> <!-- searchCucumberTest -->
</testsuite>
